<?xml version="1.0" encoding="UTF-8"?>
<coverage generated="1634745074195" clover="3.2.0">
  <project timestamp="1634745074195" name="All files">
    <metrics statements="14" coveredstatements="14" conditionals="0" coveredconditionals="0" methods="7" coveredmethods="7" elements="21" coveredelements="21" complexity="0" loc="14" ncloc="14" packages="1" files="2" classes="2"/>
    <file name="HashSenha.ts" path="/home/eriking50/Github/Bolao/src/models/HashSenha.ts">
      <metrics statements="4" coveredstatements="4" conditionals="0" coveredconditionals="0" methods="1" coveredmethods="1"/>
      <line num="1" count="1" type="stmt"/>
      <line num="3" count="1" type="stmt"/>
      <line num="5" count="8" type="stmt"/>
      <line num="6" count="8" type="stmt"/>
    </file>
    <file name="Usuario.ts" path="/home/eriking50/Github/Bolao/src/models/Usuario.ts">
      <metrics statements="10" coveredstatements="10" conditionals="0" coveredconditionals="0" methods="6" coveredmethods="6"/>
      <line num="1" count="1" type="stmt"/>
      <line num="4" count="1" type="stmt"/>
      <line num="15" count="5" type="stmt"/>
      <line num="16" count="5" type="stmt"/>
      <line num="17" count="5" type="stmt"/>
      <line num="21" count="2" type="stmt"/>
      <line num="25" count="1" type="stmt"/>
      <line num="29" count="2" type="stmt"/>
      <line num="33" count="1" type="stmt"/>
      <line num="37" count="1" type="stmt"/>
    </file>
  </project>
</coverage>
