TN:
SF:src/models/HashSenha.ts
FN:4,(anonymous_1)
FNF:1
FNH:1
FNDA:8,(anonymous_1)
DA:1,1
DA:3,1
DA:5,8
DA:6,8
LF:4
LH:4
BRF:0
BRH:0
end_of_record
TN:
SF:src/models/Time.ts
FN:7,(anonymous_0)
FN:20,(anonymous_1)
FN:24,(anonymous_2)
FNF:3
FNH:3
FNDA:4,(anonymous_0)
FNDA:1,(anonymous_1)
FNDA:2,(anonymous_2)
DA:1,1
DA:2,1
DA:8,4
DA:9,4
DA:10,3
DA:11,3
DA:12,1
DA:15,1
DA:16,1
DA:21,1
DA:25,2
LF:11
LH:11
BRDA:9,0,0,3
BRDA:9,0,1,1
BRDA:11,1,0,1
BRDA:11,1,1,2
BRF:4
BRH:4
end_of_record
TN:
SF:src/models/Usuario.ts
FN:8,(anonymous_0)
FN:14,(anonymous_1)
FN:18,(anonymous_2)
FN:22,(anonymous_3)
FN:26,(anonymous_4)
FN:30,(anonymous_5)
FNF:6
FNH:6
FNDA:5,(anonymous_0)
FNDA:2,(anonymous_1)
FNDA:1,(anonymous_2)
FNDA:2,(anonymous_3)
FNDA:1,(anonymous_4)
FNDA:1,(anonymous_5)
DA:1,1
DA:3,1
DA:9,5
DA:10,5
DA:11,5
DA:15,2
DA:19,1
DA:23,2
DA:27,1
DA:31,1
LF:10
LH:10
BRF:0
BRH:0
end_of_record
